2025-05-07 22:57:49.647 [main] INFO  testCases.TC004_AddToCartTest - *** Staring TC0004_AddToCartTest ***
2025-05-07 22:57:49.650 [main] INFO  testCases.TC004_AddToCartTest - Searching for Product
2025-05-07 22:58:01.708 [main] INFO  testCases.TC004_AddToCartTest - *** Staring TC0004_AddToCartTest ***
2025-05-07 22:58:01.713 [main] INFO  testCases.TC004_AddToCartTest - Searching for Product
2025-05-07 22:58:09.132 [main] INFO  testCases.TC004_AddToCartTest - Product added to cart
2025-05-07 22:58:09.520 [main] INFO  testCases.TC004_AddToCartTest - Expected Headers present in cart
2025-05-07 22:58:09.596 [main] INFO  testCases.TC004_AddToCartTest - Validating Product Name in cart.
2025-05-07 22:58:09.612 [main] INFO  testCases.TC004_AddToCartTest - Validating Product Price in cart.
2025-05-07 22:58:09.612 [main] INFO  testCases.TC004_AddToCartTest - *** Finished TC004_AddToCartTest ***
2025-05-08 19:53:25.584 [main] INFO  testCases.TC002_LoginTest - *** Started TC002_LoginTest ***
2025-05-08 19:53:25.605 [main] INFO  testCases.TC002_LoginTest - Clicking on My Account & Login buttons
2025-05-08 19:53:25.957 [main] INFO  testCases.TC002_LoginTest - Entering user details
2025-05-08 19:53:26.988 [main] INFO  testCases.TC002_LoginTest - TC Passed/Failed
2025-05-08 19:53:26.988 [main] INFO  testCases.TC002_LoginTest - *** Finished TC002_LoginTest ***
2025-05-08 19:54:13.292 [main] INFO  testCases.TC002_LoginTest - *** Started TC002_LoginTest ***
2025-05-08 19:54:13.318 [main] INFO  testCases.TC002_LoginTest - Clicking on My Account & Login buttons
2025-05-08 19:54:13.673 [main] INFO  testCases.TC002_LoginTest - Entering user details
2025-05-08 19:54:14.778 [main] INFO  testCases.TC002_LoginTest - TC Passed/Failed
2025-05-08 19:54:14.778 [main] INFO  testCases.TC002_LoginTest - *** Finished TC002_LoginTest ***
2025-05-08 20:38:19.034 [main] INFO  testCases.TC002_LoginTest - *** Started TC002_LoginTest ***
2025-05-08 20:38:19.069 [main] INFO  testCases.TC002_LoginTest - Clicking on My Account & Login buttons
2025-05-08 20:38:19.444 [main] INFO  testCases.TC002_LoginTest - Entering user details
2025-05-08 20:38:20.447 [main] INFO  testCases.TC002_LoginTest - TC Passed/Failed
2025-05-08 20:38:20.447 [main] INFO  testCases.TC002_LoginTest - *** Finished TC002_LoginTest ***
2025-05-08 21:30:17.901 [main] INFO  testCases.TC002_LoginTest - *** Started TC002_LoginTest ***
2025-05-09 21:42:35.316 [main] INFO  testCases.TC005_AddToWishlist - --------------------------
2025-05-09 21:42:35.324 [main] INFO  testCases.TC005_AddToWishlist - *** Started TC005_AddToWishlist ***
2025-05-09 21:57:16.870 [main] INFO  testCases.TC005_AddToWishlist - --------------------------
2025-05-09 21:57:16.885 [main] INFO  testCases.TC005_AddToWishlist - *** Started TC005_AddToWishlist ***
2025-05-09 21:59:16.518 [main] INFO  testCases.TC005_AddToWishlist - --------------------------
2025-05-09 21:59:16.532 [main] INFO  testCases.TC005_AddToWishlist - *** Started TC005_AddToWishlist ***
2025-05-09 22:00:32.952 [main] INFO  testCases.TC005_AddToWishlist - --------------------------
2025-05-09 22:00:32.957 [main] INFO  testCases.TC005_AddToWishlist - *** Started TC005_AddToWishlist ***
2025-05-09 22:01:09.040 [main] INFO  testCases.TC005_AddToWishlist - --------------------------
2025-05-09 22:01:09.057 [main] INFO  testCases.TC005_AddToWishlist - *** Started TC005_AddToWishlist ***
2025-05-09 22:01:17.067 [main] INFO  testCases.TC005_AddToWishlist - Product added to Wishlist
2025-05-09 22:01:17.483 [main] INFO  testCases.TC005_AddToWishlist - Wishlist page opened
2025-05-09 22:05:16.202 [main] INFO  testCases.TC005_AddToWishlist - --------------------------
2025-05-09 22:05:16.216 [main] INFO  testCases.TC005_AddToWishlist - *** Started TC005_AddToWishlist ***
2025-05-09 22:05:24.943 [main] INFO  testCases.TC005_AddToWishlist - Product added to Wishlist
2025-05-09 22:05:25.340 [main] INFO  testCases.TC005_AddToWishlist - Wishlist page opened
2025-05-09 22:06:45.553 [main] INFO  testCases.TC005_AddToWishlist - --------------------------
2025-05-09 22:06:45.562 [main] INFO  testCases.TC005_AddToWishlist - *** Started TC005_AddToWishlist ***
2025-05-09 22:06:54.445 [main] INFO  testCases.TC005_AddToWishlist - Product added to Wishlist
2025-05-09 22:06:54.896 [main] INFO  testCases.TC005_AddToWishlist - Wishlist page opened
2025-05-09 22:15:36.301 [main] INFO  testCases.TC005_AddToWishlist - --------------------------
2025-05-09 22:15:36.306 [main] INFO  testCases.TC005_AddToWishlist - *** Started TC005_AddToWishlist ***
2025-05-09 22:15:44.779 [main] INFO  testCases.TC005_AddToWishlist - Product added to Wishlist
2025-05-09 22:15:45.154 [main] INFO  testCases.TC005_AddToWishlist - Wishlist page opened
2025-05-10 14:13:04.831 [main] INFO  testCases.TC005_AddToWishlist - --------------------------
2025-05-10 14:13:04.854 [main] INFO  testCases.TC005_AddToWishlist - *** Started TC005_AddToWishlist ***
2025-05-10 14:13:12.789 [main] INFO  testCases.TC005_AddToWishlist - Product added to Wishlist
2025-05-10 14:13:13.284 [main] INFO  testCases.TC005_AddToWishlist - Wishlist page opened
2025-05-10 14:14:06.351 [main] INFO  testCases.TC005_AddToWishlist - --------------------------
2025-05-10 14:14:06.365 [main] INFO  testCases.TC005_AddToWishlist - *** Started TC005_AddToWishlist ***
2025-05-10 14:14:15.027 [main] INFO  testCases.TC005_AddToWishlist - Product added to Wishlist
2025-05-10 14:14:15.428 [main] INFO  testCases.TC005_AddToWishlist - Wishlist page opened
2025-05-10 14:14:15.461 [main] INFO  testCases.TC005_AddToWishlist - Wishlisted product present
2025-05-10 14:14:15.461 [main] INFO  testCases.TC005_AddToWishlist - *** Finished TC005_AddToWishlist ***
2025-05-10 14:19:28.915 [main] INFO  testCases.TC005_AddToWishlist - --------------------------
2025-05-10 14:19:28.919 [main] INFO  testCases.TC005_AddToWishlist - *** Started TC005_AddToWishlist ***
2025-05-10 14:20:17.771 [main] INFO  testCases.TC005_AddToWishlist - --------------------------
2025-05-10 14:20:17.783 [main] INFO  testCases.TC005_AddToWishlist - *** Started TC005_AddToWishlist ***
2025-05-10 14:20:26.363 [main] INFO  testCases.TC005_AddToWishlist - Product added to Wishlist
2025-05-10 14:20:27.050 [main] INFO  testCases.TC005_AddToWishlist - Wishlist page opened
2025-05-10 14:29:21.486 [main] INFO  testCases.TC005_AddToWishlist - --------------------------
2025-05-10 14:29:21.501 [main] INFO  testCases.TC005_AddToWishlist - *** Started TC005_AddToWishlist ***
2025-05-10 14:29:26.631 [main] INFO  testCases.TC005_AddToWishlist - Product added to Wishlist
2025-05-10 14:29:27.252 [main] INFO  testCases.TC005_AddToWishlist - Wishlist page opened
2025-05-10 14:31:21.491 [main] INFO  testCases.TC005_AddToWishlist - --------------------------
2025-05-10 14:31:21.498 [main] INFO  testCases.TC005_AddToWishlist - *** Started TC005_AddToWishlist ***
2025-05-10 14:31:39.311 [main] INFO  testCases.TC005_AddToWishlist - Product added to Wishlist
2025-05-10 14:31:41.833 [main] INFO  testCases.TC005_AddToWishlist - Wishlist page opened
2025-05-10 14:31:41.867 [main] INFO  testCases.TC005_AddToWishlist - Wishlisted product present
2025-05-10 14:31:47.458 [main] INFO  testCases.TC005_AddToWishlist - Product removed from Wishlist
2025-05-10 14:31:47.459 [main] INFO  testCases.TC005_AddToWishlist - *** Finished TC005_AddToWishlist ***
2025-05-11 12:53:18.739 [main] INFO  testCases.TC006_ProductComparison - Product added to comparison screen
2025-05-11 12:56:22.402 [main] INFO  testCases.TC006_ProductComparison - Product added to comparison screen
2025-05-11 12:57:00.866 [main] INFO  testCases.TC006_ProductComparison - Product added to comparison screen
2025-05-11 12:57:31.213 [main] INFO  testCases.TC006_ProductComparison - Product added to comparison screen
2025-05-11 12:57:32.421 [main] INFO  testCases.TC006_ProductComparison - Product added to comparison screen
2025-05-11 12:57:33.738 [main] INFO  testCases.TC006_ProductComparison - Product added to comparison screen
2025-05-11 13:23:33.668 [main] INFO  testCases.TC006_ProductComparison - Product added to comparison screen
2025-05-11 13:23:34.953 [main] INFO  testCases.TC006_ProductComparison - Product added to comparison screen
2025-05-11 13:23:36.268 [main] INFO  testCases.TC006_ProductComparison - Product added to comparison screen
2025-05-11 14:59:12.980 [main] INFO  testCases.TC006_ProductComparison - Product added to comparison screen
2025-05-11 14:59:14.146 [main] INFO  testCases.TC006_ProductComparison - Product added to comparison screen
2025-05-11 14:59:15.299 [main] INFO  testCases.TC006_ProductComparison - Product added to comparison screen
2025-05-11 15:03:55.273 [main] INFO  testCases.TC006_ProductComparison - Product added to comparison screen
2025-05-11 15:03:56.536 [main] INFO  testCases.TC006_ProductComparison - Product added to comparison screen
2025-05-11 15:03:57.751 [main] INFO  testCases.TC006_ProductComparison - Product added to comparison screen
2025-05-11 15:03:58.170 [main] INFO  testCases.TC006_ProductComparison - Product Comparison screen opened.
2025-05-11 15:06:20.860 [main] INFO  testCases.TC006_ProductComparison - Product added to comparison screen
2025-05-11 15:06:22.038 [main] INFO  testCases.TC006_ProductComparison - Product added to comparison screen
2025-05-11 15:06:23.146 [main] INFO  testCases.TC006_ProductComparison - Product added to comparison screen
2025-05-11 15:06:23.553 [main] INFO  testCases.TC006_ProductComparison - Product Comparison screen opened.
2025-05-11 15:07:14.426 [main] INFO  testCases.TC006_ProductComparison - Product added to comparison screen
2025-05-11 15:07:15.708 [main] INFO  testCases.TC006_ProductComparison - Product added to comparison screen
2025-05-11 15:07:16.857 [main] INFO  testCases.TC006_ProductComparison - Product added to comparison screen
2025-05-11 15:07:17.250 [main] INFO  testCases.TC006_ProductComparison - Product Comparison screen opened.
2025-05-11 15:28:22.863 [main] INFO  testCases.TC006_ProductComparison - Product added to comparison screen
2025-05-11 15:28:23.946 [main] INFO  testCases.TC006_ProductComparison - Product added to comparison screen
2025-05-11 15:28:25.077 [main] INFO  testCases.TC006_ProductComparison - Product added to comparison screen
2025-05-11 15:28:25.457 [main] INFO  testCases.TC006_ProductComparison - Product Comparison screen opened.
2025-05-11 15:35:53.187 [main] INFO  testCases.TC006_ProductComparison - Product added to comparison screen
2025-05-11 15:35:55.300 [main] INFO  testCases.TC006_ProductComparison - Product added to comparison screen
2025-05-11 15:35:56.683 [main] INFO  testCases.TC006_ProductComparison - Product added to comparison screen
2025-05-11 15:35:57.169 [main] INFO  testCases.TC006_ProductComparison - Product Comparison screen opened.
2025-05-11 15:36:43.071 [main] INFO  testCases.TC006_ProductComparison - Product added to comparison screen
2025-05-11 15:36:46.629 [main] INFO  testCases.TC006_ProductComparison - Product added to comparison screen
2025-05-11 15:36:48.034 [main] INFO  testCases.TC006_ProductComparison - Product added to comparison screen
2025-05-11 15:36:48.981 [main] INFO  testCases.TC006_ProductComparison - Product Comparison screen opened.
2025-05-11 16:08:55.543 [main] INFO  testCases.TC006_ProductComparison - Product added to comparison screen
2025-05-11 16:08:56.752 [main] INFO  testCases.TC006_ProductComparison - Product added to comparison screen
2025-05-11 16:08:57.948 [main] INFO  testCases.TC006_ProductComparison - Product added to comparison screen
2025-05-11 16:08:58.407 [main] INFO  testCases.TC006_ProductComparison - Product Comparison screen opened.
2025-05-11 16:08:58.485 [main] INFO  testCases.TC006_ProductComparison - Add to Cart & Remove buttons present for product.
2025-05-11 16:10:07.577 [main] INFO  testCases.TC006_ProductComparison - Product added to comparison screen
2025-05-11 16:10:08.880 [main] INFO  testCases.TC006_ProductComparison - Product added to comparison screen
2025-05-11 16:10:10.059 [main] INFO  testCases.TC006_ProductComparison - Product added to comparison screen
2025-05-11 16:10:10.454 [main] INFO  testCases.TC006_ProductComparison - Product Comparison screen opened.
2025-05-11 16:10:10.657 [main] INFO  testCases.TC006_ProductComparison - Add to Cart & Remove buttons present for product.
2025-05-11 19:17:37.976 [main] INFO  testCases.TC006_ProductComparison - --------------------------
2025-05-11 19:17:37.992 [main] INFO  testCases.TC006_ProductComparison - *** Stated TC006_ProductComparison ***
2025-05-11 19:17:37.998 [main] INFO  testCases.TC006_ProductComparison - Searching Products
2025-05-11 19:17:39.374 [main] INFO  testCases.TC006_ProductComparison - Product added to comparison screen
2025-05-11 19:17:39.425 [main] INFO  testCases.TC006_ProductComparison - Searching Products
2025-05-11 19:17:40.583 [main] INFO  testCases.TC006_ProductComparison - Product added to comparison screen
2025-05-11 19:17:40.632 [main] INFO  testCases.TC006_ProductComparison - Searching Products
2025-05-11 19:17:41.732 [main] INFO  testCases.TC006_ProductComparison - Product added to comparison screen
2025-05-11 19:17:42.135 [main] INFO  testCases.TC006_ProductComparison - Production Comparison page opened
2025-05-11 19:17:42.158 [main] INFO  testCases.TC006_ProductComparison - Product Comparison screen opened.
2025-05-11 19:17:42.373 [main] INFO  testCases.TC006_ProductComparison - Add to Cart & Remove buttons present for product.
2025-05-11 19:17:42.373 [main] INFO  testCases.TC006_ProductComparison - *** Finished TC006_ProductComparison ***
