2025-05-30 22:35:26.434 [main] INFO  testCases.TC009_E2ECheckout - *** Started TC009_E2ECheckout ***
2025-05-30 22:35:28.173 [main] INFO  testCases.TC009_E2ECheckout - User logged in.
2025-05-30 22:35:32.209 [main] INFO  testCases.TC009_E2ECheckout - Product found.
2025-05-30 22:35:32.210 [main] INFO  testCases.TC009_E2ECheckout - Product page opened.
2025-05-30 22:35:32.415 [main] INFO  testCases.TC009_E2ECheckout - Product added to cart.
2025-05-30 22:35:32.792 [main] INFO  testCases.TC009_E2ECheckout - Shopping cart opened.
2025-05-30 22:35:34.421 [main] INFO  testCases.TC009_E2ECheckout - Shipping estimate applied.
2025-05-30 22:38:06.327 [main] INFO  testCases.TC009_E2ECheckout - *** Started TC009_E2ECheckout ***
2025-05-30 22:38:07.203 [main] INFO  testCases.TC009_E2ECheckout - User logged in.
2025-05-30 22:38:09.176 [main] INFO  testCases.TC009_E2ECheckout - Product found.
2025-05-30 22:38:09.177 [main] INFO  testCases.TC009_E2ECheckout - Product page opened.
2025-05-30 22:38:09.657 [main] INFO  testCases.TC009_E2ECheckout - Product added to cart.
2025-05-30 22:38:10.040 [main] INFO  testCases.TC009_E2ECheckout - Shopping cart opened.
2025-05-30 22:38:12.310 [main] INFO  testCases.TC009_E2ECheckout - Shipping estimate applied.
2025-05-30 22:44:18.568 [main] INFO  testCases.TC009_E2ECheckout - *** Started TC009_E2ECheckout ***
2025-05-30 22:44:19.312 [main] INFO  testCases.TC009_E2ECheckout - User logged in.
2025-05-30 22:44:21.175 [main] INFO  testCases.TC009_E2ECheckout - Product found.
2025-05-30 22:44:21.176 [main] INFO  testCases.TC009_E2ECheckout - Product page opened.
2025-05-30 22:44:21.408 [main] INFO  testCases.TC009_E2ECheckout - Product added to cart.
2025-05-30 22:44:21.685 [main] INFO  testCases.TC009_E2ECheckout - Shopping cart opened.
2025-05-30 22:50:37.358 [main] INFO  testCases.TC009_E2ECheckout - *** Started TC009_E2ECheckout ***
2025-05-30 22:50:39.497 [main] INFO  testCases.TC009_E2ECheckout - User logged in.
2025-05-30 22:50:41.088 [main] INFO  testCases.TC009_E2ECheckout - Product found.
2025-05-30 22:50:41.089 [main] INFO  testCases.TC009_E2ECheckout - Product page opened.
2025-05-30 22:50:41.518 [main] INFO  testCases.TC009_E2ECheckout - Product added to cart.
2025-05-30 22:50:41.884 [main] INFO  testCases.TC009_E2ECheckout - Shopping cart opened.
2025-05-30 22:50:44.214 [main] INFO  testCases.TC009_E2ECheckout - Shipping estimate applied.
2025-05-30 23:10:02.200 [main] INFO  testCases.TC009_E2ECheckout - *** Started TC009_E2ECheckout ***
2025-05-30 23:10:06.036 [main] INFO  testCases.TC009_E2ECheckout - User logged in.
2025-05-30 23:10:13.299 [main] INFO  testCases.TC009_E2ECheckout - Product found.
2025-05-30 23:10:13.300 [main] INFO  testCases.TC009_E2ECheckout - Product page opened.
2025-05-30 23:10:13.582 [main] INFO  testCases.TC009_E2ECheckout - Product added to cart.
2025-05-30 23:10:13.895 [main] INFO  testCases.TC009_E2ECheckout - Shopping cart opened.
2025-05-30 23:10:15.851 [main] INFO  testCases.TC009_E2ECheckout - Shipping estimate applied.
2025-05-30 23:11:52.466 [main] INFO  testCases.TC009_E2ECheckout - *** Started TC009_E2ECheckout ***
2025-05-30 23:11:54.382 [main] INFO  testCases.TC009_E2ECheckout - User logged in.
2025-05-30 23:11:55.852 [main] INFO  testCases.TC009_E2ECheckout - Product found.
2025-05-30 23:11:55.853 [main] INFO  testCases.TC009_E2ECheckout - Product page opened.
2025-05-30 23:11:56.308 [main] INFO  testCases.TC009_E2ECheckout - Product added to cart.
2025-05-30 23:11:56.675 [main] INFO  testCases.TC009_E2ECheckout - Shopping cart opened.
2025-05-30 23:11:58.939 [main] INFO  testCases.TC009_E2ECheckout - Shipping estimate applied.
2025-05-30 23:12:57.912 [main] INFO  testCases.TC009_E2ECheckout - *** Started TC009_E2ECheckout ***
2025-05-30 23:13:00.544 [main] INFO  testCases.TC009_E2ECheckout - User logged in.
2025-05-30 23:13:02.323 [main] INFO  testCases.TC009_E2ECheckout - Product found.
2025-05-30 23:13:02.325 [main] INFO  testCases.TC009_E2ECheckout - Product page opened.
2025-05-30 23:13:02.866 [main] INFO  testCases.TC009_E2ECheckout - Product added to cart.
2025-05-30 23:13:03.638 [main] INFO  testCases.TC009_E2ECheckout - Shopping cart opened.
2025-05-30 23:13:06.671 [main] INFO  testCases.TC009_E2ECheckout - Shipping estimate applied.
2025-05-30 23:16:54.415 [main] INFO  testCases.TC009_E2ECheckout - *** Started TC009_E2ECheckout ***
2025-05-30 23:16:56.129 [main] INFO  testCases.TC009_E2ECheckout - User logged in.
2025-05-30 23:16:57.414 [main] INFO  testCases.TC009_E2ECheckout - Product found.
2025-05-30 23:16:57.416 [main] INFO  testCases.TC009_E2ECheckout - Product page opened.
2025-05-30 23:16:57.832 [main] INFO  testCases.TC009_E2ECheckout - Product added to cart.
2025-05-30 23:16:58.186 [main] INFO  testCases.TC009_E2ECheckout - Shopping cart opened.
2025-05-30 23:17:00.544 [main] INFO  testCases.TC009_E2ECheckout - Shipping estimate applied.
2025-05-30 23:29:49.431 [main] INFO  testCases.TC009_E2ECheckout - *** Started TC009_E2ECheckout ***
2025-05-30 23:29:50.876 [main] INFO  testCases.TC009_E2ECheckout - User logged in.
2025-05-30 23:29:54.872 [main] INFO  testCases.TC009_E2ECheckout - Product found.
2025-05-30 23:29:54.873 [main] INFO  testCases.TC009_E2ECheckout - Product page opened.
2025-05-30 23:29:55.163 [main] INFO  testCases.TC009_E2ECheckout - Product added to cart.
2025-05-30 23:29:55.504 [main] INFO  testCases.TC009_E2ECheckout - Shopping cart opened.
2025-05-30 23:29:57.443 [main] INFO  testCases.TC009_E2ECheckout - Shipping estimate applied.
2025-05-30 23:30:35.190 [main] INFO  testCases.TC009_E2ECheckout - *** Started TC009_E2ECheckout ***
2025-05-30 23:30:36.212 [main] INFO  testCases.TC009_E2ECheckout - User logged in.
2025-05-30 23:30:38.162 [main] INFO  testCases.TC009_E2ECheckout - Product found.
2025-05-30 23:30:38.162 [main] INFO  testCases.TC009_E2ECheckout - Product page opened.
2025-05-30 23:30:38.510 [main] INFO  testCases.TC009_E2ECheckout - Product added to cart.
2025-05-30 23:30:38.947 [main] INFO  testCases.TC009_E2ECheckout - Shopping cart opened.
2025-05-30 23:30:41.049 [main] INFO  testCases.TC009_E2ECheckout - Shipping estimate applied.
2025-05-30 23:38:43.272 [main] INFO  testCases.TC009_E2ECheckout - *** Started TC009_E2ECheckout ***
2025-05-30 23:38:45.063 [main] INFO  testCases.TC009_E2ECheckout - User logged in.
2025-05-30 23:38:47.015 [main] INFO  testCases.TC009_E2ECheckout - Product found.
2025-05-30 23:38:47.017 [main] INFO  testCases.TC009_E2ECheckout - Product page opened.
2025-05-30 23:38:47.468 [main] INFO  testCases.TC009_E2ECheckout - Product added to cart.
2025-05-30 23:38:47.858 [main] INFO  testCases.TC009_E2ECheckout - Shopping cart opened.
2025-05-30 23:38:50.282 [main] INFO  testCases.TC009_E2ECheckout - Shipping estimate applied.
2025-05-30 23:40:43.595 [main] INFO  testCases.TC009_E2ECheckout - *** Started TC009_E2ECheckout ***
2025-05-30 23:40:45.107 [main] INFO  testCases.TC009_E2ECheckout - User logged in.
2025-05-30 23:40:52.379 [main] INFO  testCases.TC009_E2ECheckout - Product found.
2025-05-30 23:40:52.381 [main] INFO  testCases.TC009_E2ECheckout - Product page opened.
2025-05-30 23:40:52.667 [main] INFO  testCases.TC009_E2ECheckout - Product added to cart.
2025-05-30 23:40:52.981 [main] INFO  testCases.TC009_E2ECheckout - Shopping cart opened.
2025-05-30 23:40:54.944 [main] INFO  testCases.TC009_E2ECheckout - Shipping estimate applied.
2025-05-30 23:41:20.442 [main] INFO  testCases.TC009_E2ECheckout - *** Started TC009_E2ECheckout ***
2025-05-30 23:41:22.445 [main] INFO  testCases.TC009_E2ECheckout - User logged in.
2025-05-30 23:41:23.646 [main] INFO  testCases.TC009_E2ECheckout - Product found.
2025-05-30 23:41:23.648 [main] INFO  testCases.TC009_E2ECheckout - Product page opened.
2025-05-30 23:41:24.139 [main] INFO  testCases.TC009_E2ECheckout - Product added to cart.
2025-05-30 23:41:24.501 [main] INFO  testCases.TC009_E2ECheckout - Shopping cart opened.
2025-05-30 23:41:26.944 [main] INFO  testCases.TC009_E2ECheckout - Shipping estimate applied.
