2025-05-24 18:01:34.051 [main] INFO  testCases.TC009_E2ECheckout - *** Started TC009_E2ECheckout ***
2025-05-24 18:01:34.939 [main] INFO  testCases.TC009_E2ECheckout - User logged in.
2025-05-24 18:01:36.904 [main] INFO  testCases.TC009_E2ECheckout - Product found.
2025-05-24 18:01:36.905 [main] INFO  testCases.TC009_E2ECheckout - Product page opened.
2025-05-24 18:01:37.035 [main] INFO  testCases.TC009_E2ECheckout - Product added to cart.
2025-05-24 18:02:48.527 [main] INFO  testCases.TC009_E2ECheckout - *** Started TC009_E2ECheckout ***
2025-05-24 18:02:49.229 [main] INFO  testCases.TC009_E2ECheckout - User logged in.
2025-05-24 18:02:51.569 [main] INFO  testCases.TC009_E2ECheckout - Product found.
2025-05-24 18:02:51.570 [main] INFO  testCases.TC009_E2ECheckout - Product page opened.
2025-05-24 18:02:51.753 [main] INFO  testCases.TC009_E2ECheckout - Product added to cart.
2025-05-24 18:19:40.645 [main] INFO  testCases.TC009_E2ECheckout - *** Started TC009_E2ECheckout ***
2025-05-24 18:19:41.373 [main] INFO  testCases.TC009_E2ECheckout - User logged in.
2025-05-24 18:21:06.245 [main] INFO  testCases.TC009_E2ECheckout - *** Started TC009_E2ECheckout ***
2025-05-24 18:21:07.219 [main] INFO  testCases.TC009_E2ECheckout - User logged in.
2025-05-24 19:19:10.464 [main] INFO  testCases.TC009_E2ECheckout - *** Started TC009_E2ECheckout ***
2025-05-24 19:19:11.943 [main] INFO  testCases.TC009_E2ECheckout - User logged in.
2025-05-24 19:19:12.894 [main] INFO  testCases.TC009_E2ECheckout - Product found.
2025-05-24 19:19:12.894 [main] INFO  testCases.TC009_E2ECheckout - Product page opened.
2025-05-24 19:20:57.314 [main] INFO  testCases.TC009_E2ECheckout - *** Started TC009_E2ECheckout ***
2025-05-24 19:20:58.719 [main] INFO  testCases.TC009_E2ECheckout - User logged in.
2025-05-24 19:21:00.488 [main] INFO  testCases.TC009_E2ECheckout - Product found.
2025-05-24 19:21:00.489 [main] INFO  testCases.TC009_E2ECheckout - Product page opened.
2025-05-24 19:22:19.390 [main] INFO  testCases.TC009_E2ECheckout - *** Started TC009_E2ECheckout ***
2025-05-24 19:22:20.078 [main] INFO  testCases.TC009_E2ECheckout - User logged in.
2025-05-24 19:22:21.715 [main] INFO  testCases.TC009_E2ECheckout - Product found.
2025-05-24 19:22:21.716 [main] INFO  testCases.TC009_E2ECheckout - Product page opened.
2025-05-24 19:26:47.018 [main] INFO  testCases.TC009_E2ECheckout - *** Started TC009_E2ECheckout ***
2025-05-24 19:26:48.608 [main] INFO  testCases.TC009_E2ECheckout - User logged in.
2025-05-24 19:26:49.580 [main] INFO  testCases.TC009_E2ECheckout - Product found.
2025-05-24 19:26:49.580 [main] INFO  testCases.TC009_E2ECheckout - Product page opened.
2025-05-24 19:26:49.747 [main] INFO  testCases.TC009_E2ECheckout - Product added to cart.
2025-05-24 19:31:26.089 [main] INFO  testCases.TC009_E2ECheckout - *** Started TC009_E2ECheckout ***
2025-05-24 19:31:30.707 [main] INFO  testCases.TC009_E2ECheckout - User logged in.
2025-05-24 19:31:34.823 [main] INFO  testCases.TC009_E2ECheckout - Product found.
2025-05-24 19:31:34.824 [main] INFO  testCases.TC009_E2ECheckout - Product page opened.
2025-05-24 19:31:35.005 [main] INFO  testCases.TC009_E2ECheckout - Product added to cart.
2025-05-24 19:31:35.313 [main] INFO  testCases.TC009_E2ECheckout - Shopping cart opened.
