2025-05-26 00:13:42.633 [main] INFO  testCases.TC009_E2ECheckout - *** Started TC009_E2ECheckout ***
2025-05-26 00:13:44.174 [main] INFO  testCases.TC009_E2ECheckout - User logged in.
2025-05-26 00:13:51.524 [main] INFO  testCases.TC009_E2ECheckout - Product found.
2025-05-26 00:13:51.525 [main] INFO  testCases.TC009_E2ECheckout - Product page opened.
2025-05-26 00:13:51.721 [main] INFO  testCases.TC009_E2ECheckout - Product added to cart.
2025-05-26 00:13:52.042 [main] INFO  testCases.TC009_E2ECheckout - Shopping cart opened.
2025-05-26 00:23:13.233 [main] INFO  testCases.TC009_E2ECheckout - *** Started TC009_E2ECheckout ***
2025-05-26 00:23:14.011 [main] INFO  testCases.TC009_E2ECheckout - User logged in.
2025-05-26 00:23:15.828 [main] INFO  testCases.TC009_E2ECheckout - Product found.
2025-05-26 00:23:15.829 [main] INFO  testCases.TC009_E2ECheckout - Product page opened.
2025-05-26 00:23:16.027 [main] INFO  testCases.TC009_E2ECheckout - Product added to cart.
2025-05-26 00:23:16.405 [main] INFO  testCases.TC009_E2ECheckout - Shopping cart opened.
2025-05-26 00:42:08.016 [main] INFO  testCases.TC009_E2ECheckout - *** Started TC009_E2ECheckout ***
2025-05-26 00:42:09.781 [main] INFO  testCases.TC009_E2ECheckout - User logged in.
2025-05-26 00:42:17.064 [main] INFO  testCases.TC009_E2ECheckout - Product found.
2025-05-26 00:42:17.065 [main] INFO  testCases.TC009_E2ECheckout - Product page opened.
2025-05-26 00:42:17.283 [main] INFO  testCases.TC009_E2ECheckout - Product added to cart.
2025-05-26 00:42:17.559 [main] INFO  testCases.TC009_E2ECheckout - Shopping cart opened.
2025-05-26 00:42:56.084 [main] INFO  testCases.TC009_E2ECheckout - *** Started TC009_E2ECheckout ***
2025-05-26 00:42:57.433 [main] INFO  testCases.TC009_E2ECheckout - User logged in.
2025-05-26 00:42:58.271 [main] INFO  testCases.TC009_E2ECheckout - Product found.
2025-05-26 00:42:58.272 [main] INFO  testCases.TC009_E2ECheckout - Product page opened.
2025-05-26 00:42:58.463 [main] INFO  testCases.TC009_E2ECheckout - Product added to cart.
2025-05-26 00:42:58.850 [main] INFO  testCases.TC009_E2ECheckout - Shopping cart opened.
2025-05-26 01:01:20.453 [main] INFO  testCases.TC009_E2ECheckout - *** Started TC009_E2ECheckout ***
2025-05-26 01:01:50.846 [main] INFO  testCases.TC009_E2ECheckout - *** Started TC009_E2ECheckout ***
2025-05-26 01:01:52.209 [main] INFO  testCases.TC009_E2ECheckout - User logged in.
2025-05-26 01:01:53.268 [main] INFO  testCases.TC009_E2ECheckout - Product found.
2025-05-26 01:01:53.269 [main] INFO  testCases.TC009_E2ECheckout - Product page opened.
2025-05-26 01:01:53.468 [main] INFO  testCases.TC009_E2ECheckout - Product added to cart.
2025-05-26 01:01:53.732 [main] INFO  testCases.TC009_E2ECheckout - Shopping cart opened.
2025-05-26 01:03:49.410 [main] INFO  testCases.TC009_E2ECheckout - *** Started TC009_E2ECheckout ***
2025-05-26 01:03:50.073 [main] INFO  testCases.TC009_E2ECheckout - User logged in.
2025-05-26 01:03:51.809 [main] INFO  testCases.TC009_E2ECheckout - Product found.
2025-05-26 01:03:51.810 [main] INFO  testCases.TC009_E2ECheckout - Product page opened.
2025-05-26 01:03:52.009 [main] INFO  testCases.TC009_E2ECheckout - Product added to cart.
2025-05-26 01:03:52.303 [main] INFO  testCases.TC009_E2ECheckout - Shopping cart opened.
