2025-05-29 21:47:57.107 [main] INFO  testCases.TC009_E2ECheckout - *** Started TC009_E2ECheckout ***
2025-05-29 21:48:40.847 [main] INFO  testCases.TC009_E2ECheckout - *** Started TC009_E2ECheckout ***
2025-05-29 21:49:54.303 [main] INFO  testCases.TC009_E2ECheckout - *** Started TC009_E2ECheckout ***
2025-05-29 21:54:35.859 [main] INFO  testCases.TC009_E2ECheckout - *** Started TC009_E2ECheckout ***
2025-05-29 21:58:05.921 [main] INFO  testCases.TC009_E2ECheckout - *** Started TC009_E2ECheckout ***
2025-05-29 22:01:11.887 [main] INFO  testCases.TC009_E2ECheckout - *** Started TC009_E2ECheckout ***
2025-05-29 22:01:12.601 [main] INFO  testCases.TC009_E2ECheckout - User logged in.
2025-05-29 22:01:20.315 [main] INFO  testCases.TC009_E2ECheckout - Product found.
2025-05-29 22:01:20.316 [main] INFO  testCases.TC009_E2ECheckout - Product page opened.
2025-05-29 22:01:20.508 [main] INFO  testCases.TC009_E2ECheckout - Product added to cart.
2025-05-29 22:01:20.884 [main] INFO  testCases.TC009_E2ECheckout - Shopping cart opened.
2025-05-29 22:02:47.060 [main] INFO  testCases.TC009_E2ECheckout - *** Started TC009_E2ECheckout ***
2025-05-29 22:02:47.701 [main] INFO  testCases.TC009_E2ECheckout - User logged in.
2025-05-29 22:03:42.420 [main] INFO  testCases.TC009_E2ECheckout - *** Started TC009_E2ECheckout ***
2025-05-29 22:03:43.110 [main] INFO  testCases.TC009_E2ECheckout - User logged in.
2025-05-29 22:07:08.997 [main] INFO  testCases.TC009_E2ECheckout - *** Started TC009_E2ECheckout ***
2025-05-29 22:07:09.674 [main] INFO  testCases.TC009_E2ECheckout - User logged in.
2025-05-29 22:07:11.498 [main] INFO  testCases.TC009_E2ECheckout - Product found.
2025-05-29 22:07:11.499 [main] INFO  testCases.TC009_E2ECheckout - Product page opened.
2025-05-29 22:07:11.723 [main] INFO  testCases.TC009_E2ECheckout - Product added to cart.
2025-05-29 22:07:12.034 [main] INFO  testCases.TC009_E2ECheckout - Shopping cart opened.
2025-05-29 22:07:14.097 [main] INFO  testCases.TC009_E2ECheckout - Shipping estimate applied.
